<?xml version="1.0" encoding="UTF-8"?>
<testng-results ignored="0" total="1" passed="1" failed="0" skipped="0">
  <reporter-output>
  </reporter-output>
  <suite started-at="2022-08-10T14:55:01Z" name="Default suite" finished-at="2022-08-10T14:55:10Z" duration-ms="8820">
    <groups>
    </groups>
    <test started-at="2022-08-10T14:55:01Z" name="Default test" finished-at="2022-08-10T14:55:10Z" duration-ms="8820">
      <class name="yopmail.Tugas3.YopmailTest">
        <test-method is-config="true" signature="setUp()[pri:0, instance:yopmail.Tugas3.YopmailTest@16fdec90]" started-at="2022-08-10T14:55:01Z" name="setUp" finished-at="2022-08-10T14:55:04Z" duration-ms="2939" status="PASS">
          <reporter-output>
          </reporter-output>
        </test-method> <!-- setUp -->
        <test-method signature="testLogin()[pri:0, instance:yopmail.Tugas3.YopmailTest@16fdec90]" started-at="2022-08-10T14:55:04Z" name="testLogin" finished-at="2022-08-10T14:55:09Z" duration-ms="5705" status="PASS">
          <reporter-output>
          </reporter-output>
        </test-method> <!-- testLogin -->
        <test-method is-config="true" signature="tearDown()[pri:0, instance:yopmail.Tugas3.YopmailTest@16fdec90]" started-at="2022-08-10T14:55:09Z" name="tearDown" finished-at="2022-08-10T14:55:10Z" duration-ms="84" status="PASS">
          <reporter-output>
          </reporter-output>
        </test-method> <!-- tearDown -->
      </class> <!-- yopmail.Tugas3.YopmailTest -->
    </test> <!-- Default test -->
  </suite> <!-- Default suite -->
</testng-results>
