<?xml version="1.0" encoding="UTF-8"?>
<!-- Generated by org.testng.reporters.JUnitXMLReporter -->
<testsuite ignored="2" hostname="Felix" failures="0" tests="1" name="Default test" time="3.232" errors="0" timestamp="10 Aug 2022 15:26:44 GMT">
  <testcase classname="saucedemo.Tugas4.SaucedemoTest" name="testCheckoutAndPay" time="1.403"/>
  <testcase classname="saucedemo.Tugas4.SaucedemoTest" name="loginSaucedemo" time="0.0">
    <ignored/>
  </testcase> <!-- loginSaucedemo -->
  <testcase classname="saucedemo.Tugas4.SaucedemoTest" name="testAddroducts" time="0.0">
    <ignored/>
  </testcase> <!-- testAddroducts -->
</testsuite> <!-- Default test -->
