<?xml version="1.0" encoding="UTF-8"?>
<testng-results ignored="2" total="3" passed="1" failed="0" skipped="0">
  <reporter-output>
  </reporter-output>
  <suite started-at="2022-08-10T15:26:41Z" name="Default suite" finished-at="2022-08-10T15:26:44Z" duration-ms="3232">
    <groups>
    </groups>
    <test started-at="2022-08-10T15:26:41Z" name="Default test" finished-at="2022-08-10T15:26:44Z" duration-ms="3232">
      <class name="saucedemo.Tugas4.SaucedemoTest">
        <test-method is-config="true" signature="setUp()[pri:0, instance:saucedemo.Tugas4.SaucedemoTest@6f3c660a]" started-at="2022-08-10T15:26:41Z" name="setUp" finished-at="2022-08-10T15:26:42Z" duration-ms="1621" status="PASS">
          <reporter-output>
          </reporter-output>
        </test-method> <!-- setUp -->
        <test-method signature="testCheckoutAndPay()[pri:0, instance:saucedemo.Tugas4.SaucedemoTest@6f3c660a]" started-at="2022-08-10T15:26:42Z" name="testCheckoutAndPay" finished-at="2022-08-10T15:26:44Z" duration-ms="1403" status="PASS">
          <reporter-output>
          </reporter-output>
        </test-method> <!-- testCheckoutAndPay -->
        <test-method is-config="true" signature="tearDown()[pri:0, instance:saucedemo.Tugas4.SaucedemoTest@6f3c660a]" started-at="2022-08-10T15:26:44Z" name="tearDown" finished-at="2022-08-10T15:26:44Z" duration-ms="128" status="PASS">
          <reporter-output>
          </reporter-output>
        </test-method> <!-- tearDown -->
      </class> <!-- saucedemo.Tugas4.SaucedemoTest -->
    </test> <!-- Default test -->
  </suite> <!-- Default suite -->
</testng-results>
